[09/08/18, 19:32:06:521] info: ╔═════════════════════════════════════════════════════════════════════════════════╗
[09/08/18, 19:32:06:521] info: ║      Slack 3.2.1, linux 4.15.0-33-generic on x64 at 09/08/18, 19:32:06:518      ║
[09/08/18, 19:32:06:521] info: ╚═════════════════════════════════════════════════════════════════════════════════╝
[09/08/18, 19:32:06:687] info: Initializing local storage instance at path: /home/todd/.config/Slack/local-settings.json
[09/08/18, 19:32:06:839] info: NetworkStatus: Waiting for network online…
[09/08/18, 19:32:07:072] info: Don't start background client because T6774RHMG is selected team
[09/08/18, 19:32:07:077] info: Store: BACKGROUND_CLIENTS_INITIALIZED
[09/08/18, 19:32:07:082] info: Store: BACKGROUND_CLIENTS_INITIALIZED true
[09/08/18, 19:32:07:226] info: NetworkStatus: Response from api.test
{
  "status": "online"
}
[09/08/18, 19:32:07:628] info: Store: SET_NETWORK_STATUS online
[09/08/18, 19:32:09:868] info: Store: UPSERT_WEB_CONTENTS
{
  "id": 3,
  "state": "loaded",
  "teamId": "T6774RHMG"
}
[09/08/18, 19:32:09:874] info: Store: MAIN_WINDOW_SHOWN
[09/08/18, 19:32:09:879] info: Store: SET_FULL_SCREEN
[09/08/18, 19:32:09:880] info: Store: SET_FULL_SCREEN
[09/08/18, 19:32:09:881] info: Store: SET_FULL_SCREEN
[09/08/18, 19:32:10:088] info: Store: UPDATE_SESSION_STATUS
{
  "hasValidSession": true,
  "teamId": "T6774RHMG"
}
[09/08/18, 19:32:10:417] info: Store: SELECT_CHANNEL D6NUNTTUZ
[09/08/18, 19:32:10:420] info: Store: UPDATE_TEAM_LOCALE
{
  "locale": "en-US"
}
[09/08/18, 19:32:10:421] info: Store: UPDATE_SETTINGS
{
  "locale": "en-US"
}
[09/08/18, 19:32:10:882] info: Store: SAVE_WINDOW_SETTINGS
{
  "isMaximized": false,
  "position": [
    50,
    50
  ],
  "size": [
    1820,
    961
  ]
}
[09/08/18, 19:32:11:012] info: Store: UPDATE_TEAM_ICONS
{
  "icons": {
    "image_102": "https://slack-files2.s3-us-west-2.amazonaws.com/avatars/2017-07-11/212084331158_a99d98cbc9c5c842a428_102.png",
    "image_132": "https://slack-files2.s3-us-west-2.amazonaws.com/avatars/2017-07-11/212084331158_a99d98cbc9c5c842a428_132.png",
    "image_230": "https://slack-files2.s3-us-west-2.amazonaws.com/avatars/2017-07-11/212084331158_a99d98cbc9c5c842a428_230.png",
    "image_34": "https://slack-files2.s3-us-west-2.amazonaws.com/avatars/2017-07-11/212084331158_a99d98cbc9c5c842a428_34.png",
    "image_44": "https://slack-files2.s3-us-west-2.amazonaws.com/avatars/2017-07-11/212084331158_a99d98cbc9c5c842a428_44.png",
    "image_68": "https://slack-files2.s3-us-west-2.amazonaws.com/avatars/2017-07-11/212084331158_a99d98cbc9c5c842a428_68.png",
    "image_88": "https://slack-files2.s3-us-west-2.amazonaws.com/avatars/2017-07-11/212084331158_a99d98cbc9c5c842a428_88.png",
    "image_original": "https://slack-files2.s3-us-west-2.amazonaws.com/avatars/2017-07-11/212084331158_a99d98cbc9c5c842a428_original.png"
  },
  "teamId": "T6774RHMG"
}
[09/08/18, 19:32:11:151] info: Store: UPDATE_TEAM_THEME
{
  "teamId": "T6774RHMG",
  "theme": {
    "active_item": "#2D9EE0",
    "active_item_text": "#FFFFFF",
    "active_presence": "#60D156",
    "badge": "#DC5960",
    "column_bg": "#F8F8FA",
    "hover_item": "#FFFFFF",
    "menu_bg": "#F8F8FA",
    "text_color": "#383F45"
  }
}
[09/08/18, 19:32:11:289] info: Store: UPDATE_TEAM_LOCALE
{
  "locale": "en-US",
  "teamId": "T6774RHMG"
}
[09/08/18, 19:32:11:294] info: Store: UPSERT_WEB_CONTENTS
{
  "id": 3,
  "state": "webapp-loaded",
  "teamId": "T6774RHMG"
}
[09/08/18, 19:32:11:295] info: Store: UPDATE_SETTINGS
{
  "sandboxSigninWindow": true
}
[09/08/18, 19:32:11:430] info: Store: STORE_ENTERPRISE_ID_PAIR
{
  "enterpriseId": null,
  "teamId": "T6774RHMG"
}
[09/08/18, 19:32:13:726] info: Store: SELECT_CHANNEL G935N360J
[09/08/18, 19:32:18:355] info: Store: SET_FULL_SCREEN
[09/08/18, 19:32:19:354] info: Store: SAVE_WINDOW_SETTINGS
{
  "isMaximized": false,
  "position": [
    50,
    50
  ],
  "size": [
    905,
    961
  ]
}
[09/08/18, 19:32:44:825] info: Store: NEW_NOTIFICATION
{
  "avatarImage": "https://ca.slack-edge.com/T6774RHMG-U7SJJE9BL-8af8c85275df-512",
  "channel": "G935N360J",
  "content": "[REDACTED]",
  "id": "AMVQu9hYxW0vKNR",
  "launchUri": "slack://channel?id=G935N360J&message=1536449564.000100&team=T6774RHMG",
  "msg": "1536449564.000100",
  "silent": true,
  "subtitle": "",
  "teamId": "T6774RHMG",
  "title": "[REDACTED]"
}
[09/08/18, 19:32:45:674] info: Store: NEW_NOTIFICATION
{
  "avatarImage": "https://ca.slack-edge.com/T6774RHMG-U7SJJE9BL-8af8c85275df-512",
  "channel": "G935N360J",
  "content": "[REDACTED]",
  "id": "3yAjhXiDGkR1Gok",
  "launchUri": "slack://channel?id=G935N360J&message=1536449565.000200&team=T6774RHMG",
  "msg": "1536449565.000200",
  "silent": true,
  "subtitle": "",
  "teamId": "T6774RHMG",
  "title": "[REDACTED]"
}
[09/08/18, 19:32:48:849] info: Store: NEW_NOTIFICATION
{
  "avatarImage": "https://ca.slack-edge.com/T6774RHMG-U7SJJE9BL-8af8c85275df-512",
  "channel": "G935N360J",
  "content": "[REDACTED]",
  "id": "ng3YUlsZQxgYBJn",
  "launchUri": "slack://channel?id=G935N360J&message=1536449568.000100&team=T6774RHMG",
  "msg": "1536449568.000100",
  "silent": true,
  "subtitle": "",
  "teamId": "T6774RHMG",
  "title": "[REDACTED]"
}
[09/08/18, 19:33:07:601] info: Store: NEW_NOTIFICATION
{
  "avatarImage": "https://ca.slack-edge.com/T6774RHMG-U7SJJE9BL-8af8c85275df-512",
  "channel": "G935N360J",
  "content": "[REDACTED]",
  "id": "mY32SRt9j6ZGOvO",
  "launchUri": "slack://channel?id=G935N360J&message=1536449587.000100&team=T6774RHMG",
  "msg": "1536449587.000100",
  "silent": true,
  "subtitle": "",
  "teamId": "T6774RHMG",
  "title": "[REDACTED]"
}
[09/08/18, 19:33:08:809] info: Store: NEW_NOTIFICATION
{
  "avatarImage": "https://ca.slack-edge.com/T6774RHMG-U7SJJE9BL-8af8c85275df-512",
  "channel": "G935N360J",
  "content": "[REDACTED]",
  "id": "XrJ7HOuk1OR6DG2",
  "launchUri": "slack://channel?id=G935N360J&message=1536449588.000200&team=T6774RHMG",
  "msg": "1536449588.000200",
  "silent": true,
  "subtitle": "",
  "teamId": "T6774RHMG",
  "title": "[REDACTED]"
}
[09/08/18, 19:33:23:376] info: Store: SAVE_WINDOW_SETTINGS
{
  "isMaximized": false,
  "position": [
    50,
    50
  ],
  "size": [
    585,
    961
  ]
}
[09/08/18, 19:33:37:066] info: Store: SAVE_WINDOW_SETTINGS
{
  "isMaximized": false,
  "position": [
    50,
    50
  ],
  "size": [
    905,
    961
  ]
}
[09/08/18, 19:33:56:469] info: Store: SET_FULL_SCREEN
[09/08/18, 19:33:56:638] info: Store: SET_FULL_SCREEN
[09/08/18, 19:36:00:828] info: Store: SET_FULL_SCREEN
[09/08/18, 19:36:17:490] info: Store: SET_FULL_SCREEN
[09/08/18, 19:36:17:491] info: Store: SET_FULL_SCREEN
[09/08/18, 19:40:22:768] info: Store: SET_FULL_SCREEN
[09/08/18, 19:40:23:194] info: Store: SET_FULL_SCREEN
[09/08/18, 19:40:24:282] info: Store: SET_FULL_SCREEN
[09/08/18, 19:49:21:196] info: Store: SET_FULL_SCREEN
[09/08/18, 19:49:23:467] info: Store: SET_FULL_SCREEN
[09/08/18, 19:49:25:640] info: Store: SET_FULL_SCREEN
[09/08/18, 19:49:25:642] info: Store: SET_FULL_SCREEN
[09/08/18, 20:57:16:293] info: Store: SET_FULL_SCREEN
[09/08/18, 20:57:17:294] info: Store: SAVE_WINDOW_SETTINGS
{
  "isMaximized": false,
  "position": [
    20,
    20
  ],
  "size": [
    930,
    1021
  ]
}
[09/08/18, 20:57:17:604] info: Store: SET_FULL_SCREEN
[09/08/18, 20:57:17:605] info: Store: SET_FULL_SCREEN
[09/08/18, 21:01:49:210] info: Store: SET_FULL_SCREEN
[09/08/18, 21:01:51:233] info: Store: SET_FULL_SCREEN
[09/08/18, 21:01:51:234] info: Store: SET_FULL_SCREEN
[09/08/18, 21:49:08:359] info: Store: SET_FULL_SCREEN
[09/08/18, 21:49:08:371] info: Store: SET_FULL_SCREEN
[09/08/18, 21:49:10:647] info: Store: SET_FULL_SCREEN
[09/08/18, 21:49:10:666] info: Store: SET_FULL_SCREEN
[09/08/18, 21:49:11:300] info: Store: SET_FULL_SCREEN
[09/08/18, 21:49:11:333] info: Store: SET_FULL_SCREEN
[09/08/18, 21:49:11:774] info: Store: SET_FULL_SCREEN
[09/08/18, 21:49:11:800] info: Store: SET_FULL_SCREEN
[09/08/18, 21:49:14:389] info: Store: SET_FULL_SCREEN
[09/08/18, 21:49:14:464] info: Store: SET_FULL_SCREEN
[09/08/18, 21:49:14:910] info: Store: SET_FULL_SCREEN
[09/08/18, 21:49:15:240] info: Store: SET_FULL_SCREEN
[09/08/18, 21:49:15:860] info: Store: SET_FULL_SCREEN
[09/08/18, 21:49:15:896] info: Store: SET_FULL_SCREEN
[09/08/18, 21:49:16:353] info: Store: SET_FULL_SCREEN
[09/08/18, 21:49:16:404] info: Store: SET_FULL_SCREEN
[09/08/18, 21:52:43:541] info: Store: SET_FULL_SCREEN
[09/08/18, 21:52:44:105] info: Store: SET_FULL_SCREEN
[09/08/18, 21:52:44:105] info: Store: SET_FULL_SCREEN
[09/08/18, 21:52:44:540] info: Store: SAVE_WINDOW_SETTINGS
{
  "isMaximized": false,
  "position": [
    40,
    40
  ],
  "size": [
    910,
    981
  ]
}
[09/08/18, 21:52:45:595] info: Store: SET_FULL_SCREEN
[09/08/18, 21:52:45:595] info: Store: SET_FULL_SCREEN
[09/08/18, 21:52:45:595] info: Store: SET_FULL_SCREEN
[09/08/18, 21:52:47:271] info: Store: SET_FULL_SCREEN
[09/08/18, 21:52:47:272] info: Store: SET_FULL_SCREEN
[09/08/18, 21:52:55:815] info: Store: SAVE_WINDOW_SETTINGS
{
  "isMaximized": false,
  "position": [
    41,
    41
  ],
  "size": [
    908,
    998
  ]
}
[09/08/18, 22:37:38:374] info: Store: SET_FULL_SCREEN
[09/08/18, 22:37:39:140] info: Store: SET_FULL_SCREEN
[09/08/18, 22:37:39:141] info: Store: SET_FULL_SCREEN
[09/08/18, 22:37:39:368] info: Store: SAVE_WINDOW_SETTINGS
{
  "isMaximized": false,
  "position": [
    41,
    74
  ],
  "size": [
    908,
    965
  ]
}
[09/08/18, 22:37:39:591] info: Store: SET_FULL_SCREEN
[09/08/18, 22:37:39:879] info: Store: SET_FULL_SCREEN
[09/08/18, 22:37:39:880] info: Store: SET_FULL_SCREEN
[09/08/18, 22:37:40:916] info: Store: SET_FULL_SCREEN
[09/08/18, 22:37:40:918] info: Store: SET_FULL_SCREEN
[09/08/18, 22:37:40:919] info: Store: SET_FULL_SCREEN
[09/08/18, 22:37:41:313] info: Store: SET_FULL_SCREEN
[09/08/18, 22:37:41:316] info: Store: SET_FULL_SCREEN
[09/08/18, 22:37:41:771] info: Store: SET_FULL_SCREEN
[09/08/18, 22:37:42:089] info: Store: SET_FULL_SCREEN
[09/08/18, 22:37:42:090] info: Store: SET_FULL_SCREEN
[09/08/18, 22:37:42:870] info: Store: SET_FULL_SCREEN
[09/08/18, 22:37:42:871] info: Store: SET_FULL_SCREEN
[09/08/18, 22:37:42:871] info: Store: SET_FULL_SCREEN
[09/08/18, 22:37:43:229] info: Store: SET_FULL_SCREEN
[09/08/18, 22:37:43:234] info: Store: SET_FULL_SCREEN
[09/08/18, 22:37:56:181] info: Store: SET_FULL_SCREEN
[09/08/18, 22:37:57:517] info: Store: SET_FULL_SCREEN
[09/08/18, 22:37:57:517] info: Store: SET_FULL_SCREEN
[09/08/18, 22:37:57:892] info: Store: SET_FULL_SCREEN
[09/08/18, 22:37:57:892] info: Store: SET_FULL_SCREEN
[09/08/18, 22:37:57:893] info: Store: SET_FULL_SCREEN
[09/08/18, 22:37:58:282] info: Store: SET_FULL_SCREEN
[09/08/18, 22:37:58:283] info: Store: SET_FULL_SCREEN
[09/08/18, 22:37:58:836] info: Store: SET_FULL_SCREEN
[09/08/18, 22:37:59:061] info: Store: SET_FULL_SCREEN
[09/08/18, 22:37:59:063] info: Store: SET_FULL_SCREEN
[09/08/18, 22:37:59:478] info: Store: SET_FULL_SCREEN
[09/08/18, 22:37:59:479] info: Store: SET_FULL_SCREEN
[09/08/18, 22:37:59:479] info: Store: SET_FULL_SCREEN
[09/08/18, 22:38:00:275] info: Store: SET_FULL_SCREEN
[09/08/18, 22:38:00:276] info: Store: SET_FULL_SCREEN
